
AVRASM ver. 2.1.30  C:\Users\Dionisius\Desktop\New folder\List\ADC@.asm Fri Apr 10 09:04:50 2015

C:\Users\Dionisius\Desktop\New folder\List\ADC@.asm(1072): warning: Register r4 already defined by the .DEF directive
C:\Users\Dionisius\Desktop\New folder\List\ADC@.asm(1073): warning: Register r7 already defined by the .DEF directive
C:\Users\Dionisius\Desktop\New folder\List\ADC@.asm(1074): warning: Register r6 already defined by the .DEF directive
C:\Users\Dionisius\Desktop\New folder\List\ADC@.asm(1075): warning: Register r9 already defined by the .DEF directive
                 
                 
                 ;CodeVisionAVR C Compiler V2.05.3 Standard
                 ;(C) Copyright 1998-2011 Pavel Haiduc, HP InfoTech s.r.l.
                 ;http://www.hpinfotech.com
                 
                 ;Chip type                : ATmega16
                 ;Program type             : Application
                 ;Clock frequency          : 12.000000 MHz
                 ;Memory model             : Small
                 ;Optimize for             : Size
                 ;(s)printf features       : int, width
                 ;(s)scanf features        : int, width
                 ;External RAM size        : 0
                 ;Data Stack size          : 256 byte(s)
                 ;Heap size                : 0 byte(s)
                 ;Promote 'char' to 'int'  : Yes
                 ;'char' is unsigned       : Yes
                 ;8 bit enums              : Yes
                 ;Global 'const' stored in FLASH     : No
                 ;Enhanced function parameter passing: Yes
                 ;Enhanced core instructions         : On
                 ;Smart register allocation          : On
                 ;Automatic register allocation      : On
                 
                 	#pragma AVRPART ADMIN PART_NAME ATmega16
                 	#pragma AVRPART MEMORY PROG_FLASH 16384
                 	#pragma AVRPART MEMORY EEPROM 512
                 	#pragma AVRPART MEMORY INT_SRAM SIZE 1119
                 	#pragma AVRPART MEMORY INT_SRAM START_ADDR 0x60
                 
                 	#define CALL_SUPPORTED 1
                 
                 	.LISTMAC
                 	.EQU UDRE=0x5
                 	.EQU RXC=0x7
                 	.EQU USR=0xB
                 	.EQU UDR=0xC
                 	.EQU SPSR=0xE
                 	.EQU SPDR=0xF
                 	.EQU EERE=0x0
                 	.EQU EEWE=0x1
                 	.EQU EEMWE=0x2
                 	.EQU EECR=0x1C
                 	.EQU EEDR=0x1D
                 	.EQU EEARL=0x1E
                 	.EQU EEARH=0x1F
                 	.EQU WDTCR=0x21
                 	.EQU MCUCR=0x35
                 	.EQU GICR=0x3B
                 	.EQU SPL=0x3D
                 	.EQU SPH=0x3E
                 	.EQU SREG=0x3F
                 
                 	.DEF R0X0=R0
                 	.DEF R0X1=R1
                 	.DEF R0X2=R2
                 	.DEF R0X3=R3
                 	.DEF R0X4=R4
                 	.DEF R0X5=R5
                 	.DEF R0X6=R6
                 	.DEF R0X7=R7
                 	.DEF R0X8=R8
                 	.DEF R0X9=R9
                 	.DEF R0XA=R10
                 	.DEF R0XB=R11
                 	.DEF R0XC=R12
                 	.DEF R0XD=R13
                 	.DEF R0XE=R14
                 	.DEF R0XF=R15
                 	.DEF R0X10=R16
                 	.DEF R0X11=R17
                 	.DEF R0X12=R18
                 	.DEF R0X13=R19
                 	.DEF R0X14=R20
                 	.DEF R0X15=R21
                 	.DEF R0X16=R22
                 	.DEF R0X17=R23
                 	.DEF R0X18=R24
                 	.DEF R0X19=R25
                 	.DEF R0X1A=R26
                 	.DEF R0X1B=R27
                 	.DEF R0X1C=R28
                 	.DEF R0X1D=R29
                 	.DEF R0X1E=R30
                 	.DEF R0X1F=R31
                 
                 	.EQU __SRAM_START=0x0060
                 	.EQU __SRAM_END=0x045F
                 	.EQU __DSTACK_SIZE=0x0100
                 	.EQU __HEAP_SIZE=0x0000
                 	.EQU __CLEAR_SRAM_SIZE=__SRAM_END-__SRAM_START+1
                 
                 	.MACRO __CPD1N
                 	CPI  R30,LOW(@0)
                 	LDI  R26,HIGH(@0)
                 	CPC  R31,R26
                 	LDI  R26,BYTE3(@0)
                 	CPC  R22,R26
                 	LDI  R26,BYTE4(@0)
                 	CPC  R23,R26
                 	.ENDM
                 
                 	.MACRO __CPD2N
                 	CPI  R26,LOW(@0)
                 	LDI  R30,HIGH(@0)
                 	CPC  R27,R30
                 	LDI  R30,BYTE3(@0)
                 	CPC  R24,R30
                 	LDI  R30,BYTE4(@0)
                 	CPC  R25,R30
                 	.ENDM
                 
                 	.MACRO __CPWRR
                 	CP   R@0,R@2
                 	CPC  R@1,R@3
                 	.ENDM
                 
                 	.MACRO __CPWRN
                 	CPI  R@0,LOW(@2)
                 	LDI  R30,HIGH(@2)
                 	CPC  R@1,R30
                 	.ENDM
                 
                 	.MACRO __ADDB1MN
                 	SUBI R30,LOW(-@0-(@1))
                 	.ENDM
                 
                 	.MACRO __ADDB2MN
                 	SUBI R26,LOW(-@0-(@1))
                 	.ENDM
                 
                 	.MACRO __ADDW1MN
                 	SUBI R30,LOW(-@0-(@1))
                 	SBCI R31,HIGH(-@0-(@1))
                 	.ENDM
                 
                 	.MACRO __ADDW2MN
                 	SUBI R26,LOW(-@0-(@1))
                 	SBCI R27,HIGH(-@0-(@1))
                 	.ENDM
                 
                 	.MACRO __ADDW1FN
                 	SUBI R30,LOW(-2*@0-(@1))
                 	SBCI R31,HIGH(-2*@0-(@1))
                 	.ENDM
                 
                 	.MACRO __ADDD1FN
                 	SUBI R30,LOW(-2*@0-(@1))
                 	SBCI R31,HIGH(-2*@0-(@1))
                 	SBCI R22,BYTE3(-2*@0-(@1))
                 	.ENDM
                 
                 	.MACRO __ADDD1N
                 	SUBI R30,LOW(-@0)
                 	SBCI R31,HIGH(-@0)
                 	SBCI R22,BYTE3(-@0)
                 	SBCI R23,BYTE4(-@0)
                 	.ENDM
                 
                 	.MACRO __ADDD2N
                 	SUBI R26,LOW(-@0)
                 	SBCI R27,HIGH(-@0)
                 	SBCI R24,BYTE3(-@0)
                 	SBCI R25,BYTE4(-@0)
                 	.ENDM
                 
                 	.MACRO __SUBD1N
                 	SUBI R30,LOW(@0)
                 	SBCI R31,HIGH(@0)
                 	SBCI R22,BYTE3(@0)
                 	SBCI R23,BYTE4(@0)
                 	.ENDM
                 
                 	.MACRO __SUBD2N
                 	SUBI R26,LOW(@0)
                 	SBCI R27,HIGH(@0)
                 	SBCI R24,BYTE3(@0)
                 	SBCI R25,BYTE4(@0)
                 	.ENDM
                 
                 	.MACRO __ANDBMNN
                 	LDS  R30,@0+(@1)
                 	ANDI R30,LOW(@2)
                 	STS  @0+(@1),R30
                 	.ENDM
                 
                 	.MACRO __ANDWMNN
                 	LDS  R30,@0+(@1)
                 	ANDI R30,LOW(@2)
                 	STS  @0+(@1),R30
                 	LDS  R30,@0+(@1)+1
                 	ANDI R30,HIGH(@2)
                 	STS  @0+(@1)+1,R30
                 	.ENDM
                 
                 	.MACRO __ANDD1N
                 	ANDI R30,LOW(@0)
                 	ANDI R31,HIGH(@0)
                 	ANDI R22,BYTE3(@0)
                 	ANDI R23,BYTE4(@0)
                 	.ENDM
                 
                 	.MACRO __ANDD2N
                 	ANDI R26,LOW(@0)
                 	ANDI R27,HIGH(@0)
                 	ANDI R24,BYTE3(@0)
                 	ANDI R25,BYTE4(@0)
                 	.ENDM
                 
                 	.MACRO __ORBMNN
                 	LDS  R30,@0+(@1)
                 	ORI  R30,LOW(@2)
                 	STS  @0+(@1),R30
                 	.ENDM
                 
                 	.MACRO __ORWMNN
                 	LDS  R30,@0+(@1)
                 	ORI  R30,LOW(@2)
                 	STS  @0+(@1),R30
                 	LDS  R30,@0+(@1)+1
                 	ORI  R30,HIGH(@2)
                 	STS  @0+(@1)+1,R30
                 	.ENDM
                 
                 	.MACRO __ORD1N
                 	ORI  R30,LOW(@0)
                 	ORI  R31,HIGH(@0)
                 	ORI  R22,BYTE3(@0)
                 	ORI  R23,BYTE4(@0)
                 	.ENDM
                 
                 	.MACRO __ORD2N
                 	ORI  R26,LOW(@0)
                 	ORI  R27,HIGH(@0)
                 	ORI  R24,BYTE3(@0)
                 	ORI  R25,BYTE4(@0)
                 	.ENDM
                 
                 	.MACRO __DELAY_USB
                 	LDI  R24,LOW(@0)
                 __DELAY_USB_LOOP:
                 	DEC  R24
                 	BRNE __DELAY_USB_LOOP
                 	.ENDM
                 
                 	.MACRO __DELAY_USW
                 	LDI  R24,LOW(@0)
                 	LDI  R25,HIGH(@0)
                 __DELAY_USW_LOOP:
                 	SBIW R24,1
                 	BRNE __DELAY_USW_LOOP
                 	.ENDM
                 
                 	.MACRO __GETD1S
                 	LDD  R30,Y+@0
                 	LDD  R31,Y+@0+1
                 	LDD  R22,Y+@0+2
                 	LDD  R23,Y+@0+3
                 	.ENDM
                 
                 	.MACRO __GETD2S
                 	LDD  R26,Y+@0
                 	LDD  R27,Y+@0+1
                 	LDD  R24,Y+@0+2
                 	LDD  R25,Y+@0+3
                 	.ENDM
                 
                 	.MACRO __PUTD1S
                 	STD  Y+@0,R30
                 	STD  Y+@0+1,R31
                 	STD  Y+@0+2,R22
                 	STD  Y+@0+3,R23
                 	.ENDM
                 
                 	.MACRO __PUTD2S
                 	STD  Y+@0,R26
                 	STD  Y+@0+1,R27
                 	STD  Y+@0+2,R24
                 	STD  Y+@0+3,R25
                 	.ENDM
                 
                 	.MACRO __PUTDZ2
                 	STD  Z+@0,R26
                 	STD  Z+@0+1,R27
                 	STD  Z+@0+2,R24
                 	STD  Z+@0+3,R25
                 	.ENDM
                 
                 	.MACRO __CLRD1S
                 	STD  Y+@0,R30
                 	STD  Y+@0+1,R30
                 	STD  Y+@0+2,R30
                 	STD  Y+@0+3,R30
                 	.ENDM
                 
                 	.MACRO __POINTB1MN
                 	LDI  R30,LOW(@0+(@1))
                 	.ENDM
                 
                 	.MACRO __POINTW1MN
                 	LDI  R30,LOW(@0+(@1))
                 	LDI  R31,HIGH(@0+(@1))
                 	.ENDM
                 
                 	.MACRO __POINTD1M
                 	LDI  R30,LOW(@0)
                 	LDI  R31,HIGH(@0)
                 	LDI  R22,BYTE3(@0)
                 	LDI  R23,BYTE4(@0)
                 	.ENDM
                 
                 	.MACRO __POINTW1FN
                 	LDI  R30,LOW(2*@0+(@1))
                 	LDI  R31,HIGH(2*@0+(@1))
                 	.ENDM
                 
                 	.MACRO __POINTD1FN
                 	LDI  R30,LOW(2*@0+(@1))
                 	LDI  R31,HIGH(2*@0+(@1))
                 	LDI  R22,BYTE3(2*@0+(@1))
                 	LDI  R23,BYTE4(2*@0+(@1))
                 	.ENDM
                 
                 	.MACRO __POINTB2MN
                 	LDI  R26,LOW(@0+(@1))
                 	.ENDM
                 
                 	.MACRO __POINTW2MN
                 	LDI  R26,LOW(@0+(@1))
                 	LDI  R27,HIGH(@0+(@1))
                 	.ENDM
                 
                 	.MACRO __POINTW2FN
                 	LDI  R26,LOW(2*@0+(@1))
                 	LDI  R27,HIGH(2*@0+(@1))
                 	.ENDM
                 
                 	.MACRO __POINTD2FN
                 	LDI  R26,LOW(2*@0+(@1))
                 	LDI  R27,HIGH(2*@0+(@1))
                 	LDI  R24,BYTE3(2*@0+(@1))
                 	LDI  R25,BYTE4(2*@0+(@1))
                 	.ENDM
                 
                 	.MACRO __POINTBRM
                 	LDI  R@0,LOW(@1)
                 	.ENDM
                 
                 	.MACRO __POINTWRM
                 	LDI  R@0,LOW(@2)
                 	LDI  R@1,HIGH(@2)
                 	.ENDM
                 
                 	.MACRO __POINTBRMN
                 	LDI  R@0,LOW(@1+(@2))
                 	.ENDM
                 
                 	.MACRO __POINTWRMN
                 	LDI  R@0,LOW(@2+(@3))
                 	LDI  R@1,HIGH(@2+(@3))
                 	.ENDM
                 
                 	.MACRO __POINTWRFN
                 	LDI  R@0,LOW(@2*2+(@3))
                 	LDI  R@1,HIGH(@2*2+(@3))
                 	.ENDM
                 
                 	.MACRO __GETD1N
                 	LDI  R30,LOW(@0)
                 	LDI  R31,HIGH(@0)
                 	LDI  R22,BYTE3(@0)
                 	LDI  R23,BYTE4(@0)
                 	.ENDM
                 
                 	.MACRO __GETD2N
                 	LDI  R26,LOW(@0)
                 	LDI  R27,HIGH(@0)
                 	LDI  R24,BYTE3(@0)
                 	LDI  R25,BYTE4(@0)
                 	.ENDM
                 
                 	.MACRO __GETB1MN
                 	LDS  R30,@0+(@1)
                 	.ENDM
                 
                 	.MACRO __GETB1HMN
                 	LDS  R31,@0+(@1)
                 	.ENDM
                 
                 	.MACRO __GETW1MN
                 	LDS  R30,@0+(@1)
                 	LDS  R31,@0+(@1)+1
                 	.ENDM
                 
                 	.MACRO __GETD1MN
                 	LDS  R30,@0+(@1)
                 	LDS  R31,@0+(@1)+1
                 	LDS  R22,@0+(@1)+2
                 	LDS  R23,@0+(@1)+3
                 	.ENDM
                 
                 	.MACRO __GETBRMN
                 	LDS  R@0,@1+(@2)
                 	.ENDM
                 
                 	.MACRO __GETWRMN
                 	LDS  R@0,@2+(@3)
                 	LDS  R@1,@2+(@3)+1
                 	.ENDM
                 
                 	.MACRO __GETWRZ
                 	LDD  R@0,Z+@2
                 	LDD  R@1,Z+@2+1
                 	.ENDM
                 
                 	.MACRO __GETD2Z
                 	LDD  R26,Z+@0
                 	LDD  R27,Z+@0+1
                 	LDD  R24,Z+@0+2
                 	LDD  R25,Z+@0+3
                 	.ENDM
                 
                 	.MACRO __GETB2MN
                 	LDS  R26,@0+(@1)
                 	.ENDM
                 
                 	.MACRO __GETW2MN
                 	LDS  R26,@0+(@1)
                 	LDS  R27,@0+(@1)+1
                 	.ENDM
                 
                 	.MACRO __GETD2MN
                 	LDS  R26,@0+(@1)
                 	LDS  R27,@0+(@1)+1
                 	LDS  R24,@0+(@1)+2
                 	LDS  R25,@0+(@1)+3
                 	.ENDM
                 
                 	.MACRO __PUTB1MN
                 	STS  @0+(@1),R30
                 	.ENDM
                 
                 	.MACRO __PUTW1MN
                 	STS  @0+(@1),R30
                 	STS  @0+(@1)+1,R31
                 	.ENDM
                 
                 	.MACRO __PUTD1MN
                 	STS  @0+(@1),R30
                 	STS  @0+(@1)+1,R31
                 	STS  @0+(@1)+2,R22
                 	STS  @0+(@1)+3,R23
                 	.ENDM
                 
                 	.MACRO __PUTB1EN
                 	LDI  R26,LOW(@0+(@1))
                 	LDI  R27,HIGH(@0+(@1))
                 	CALL __EEPROMWRB
                 	.ENDM
                 
                 	.MACRO __PUTW1EN
                 	LDI  R26,LOW(@0+(@1))
                 	LDI  R27,HIGH(@0+(@1))
                 	CALL __EEPROMWRW
                 	.ENDM
                 
                 	.MACRO __PUTD1EN
                 	LDI  R26,LOW(@0+(@1))
                 	LDI  R27,HIGH(@0+(@1))
                 	CALL __EEPROMWRD
                 	.ENDM
                 
                 	.MACRO __PUTBR0MN
                 	STS  @0+(@1),R0
                 	.ENDM
                 
                 	.MACRO __PUTBMRN
                 	STS  @0+(@1),R@2
                 	.ENDM
                 
                 	.MACRO __PUTWMRN
                 	STS  @0+(@1),R@2
                 	STS  @0+(@1)+1,R@3
                 	.ENDM
                 
                 	.MACRO __PUTBZR
                 	STD  Z+@1,R@0
                 	.ENDM
                 
                 	.MACRO __PUTWZR
                 	STD  Z+@2,R@0
                 	STD  Z+@2+1,R@1
                 	.ENDM
                 
                 	.MACRO __GETW1R
                 	MOV  R30,R@0
                 	MOV  R31,R@1
                 	.ENDM
                 
                 	.MACRO __GETW2R
                 	MOV  R26,R@0
                 	MOV  R27,R@1
                 	.ENDM
                 
                 	.MACRO __GETWRN
                 	LDI  R@0,LOW(@2)
                 	LDI  R@1,HIGH(@2)
                 	.ENDM
                 
                 	.MACRO __PUTW1R
                 	MOV  R@0,R30
                 	MOV  R@1,R31
                 	.ENDM
                 
                 	.MACRO __PUTW2R
                 	MOV  R@0,R26
                 	MOV  R@1,R27
                 	.ENDM
                 
                 	.MACRO __ADDWRN
                 	SUBI R@0,LOW(-@2)
                 	SBCI R@1,HIGH(-@2)
                 	.ENDM
                 
                 	.MACRO __ADDWRR
                 	ADD  R@0,R@2
                 	ADC  R@1,R@3
                 	.ENDM
                 
                 	.MACRO __SUBWRN
                 	SUBI R@0,LOW(@2)
                 	SBCI R@1,HIGH(@2)
                 	.ENDM
                 
                 	.MACRO __SUBWRR
                 	SUB  R@0,R@2
                 	SBC  R@1,R@3
                 	.ENDM
                 
                 	.MACRO __ANDWRN
                 	ANDI R@0,LOW(@2)
                 	ANDI R@1,HIGH(@2)
                 	.ENDM
                 
                 	.MACRO __ANDWRR
                 	AND  R@0,R@2
                 	AND  R@1,R@3
                 	.ENDM
                 
                 	.MACRO __ORWRN
                 	ORI  R@0,LOW(@2)
                 	ORI  R@1,HIGH(@2)
                 	.ENDM
                 
                 	.MACRO __ORWRR
                 	OR   R@0,R@2
                 	OR   R@1,R@3
                 	.ENDM
                 
                 	.MACRO __EORWRR
                 	EOR  R@0,R@2
                 	EOR  R@1,R@3
                 	.ENDM
                 
                 	.MACRO __GETWRS
                 	LDD  R@0,Y+@2
                 	LDD  R@1,Y+@2+1
                 	.ENDM
                 
                 	.MACRO __PUTBSR
                 	STD  Y+@1,R@0
                 	.ENDM
                 
                 	.MACRO __PUTWSR
                 	STD  Y+@2,R@0
                 	STD  Y+@2+1,R@1
                 	.ENDM
                 
                 	.MACRO __MOVEWRR
                 	MOV  R@0,R@2
                 	MOV  R@1,R@3
                 	.ENDM
                 
                 	.MACRO __INWR
                 	IN   R@0,@2
                 	IN   R@1,@2+1
                 	.ENDM
                 
                 	.MACRO __OUTWR
                 	OUT  @2+1,R@1
                 	OUT  @2,R@0
                 	.ENDM
                 
                 	.MACRO __CALL1MN
                 	LDS  R30,@0+(@1)
                 	LDS  R31,@0+(@1)+1
                 	ICALL
                 	.ENDM
                 
                 	.MACRO __CALL1FN
                 	LDI  R30,LOW(2*@0+(@1))
                 	LDI  R31,HIGH(2*@0+(@1))
                 	CALL __GETW1PF
                 	ICALL
                 	.ENDM
                 
                 	.MACRO __CALL2EN
                 	LDI  R26,LOW(@0+(@1))
                 	LDI  R27,HIGH(@0+(@1))
                 	CALL __EEPROMRDW
                 	ICALL
                 	.ENDM
                 
                 	.MACRO __GETW1STACK
                 	IN   R26,SPL
                 	IN   R27,SPH
                 	ADIW R26,@0+1
                 	LD   R30,X+
                 	LD   R31,X
                 	.ENDM
                 
                 	.MACRO __GETD1STACK
                 	IN   R26,SPL
                 	IN   R27,SPH
                 	ADIW R26,@0+1
                 	LD   R30,X+
                 	LD   R31,X+
                 	LD   R22,X
                 	.ENDM
                 
                 	.MACRO __NBST
                 	BST  R@0,@1
                 	IN   R30,SREG
                 	LDI  R31,0x40
                 	EOR  R30,R31
                 	OUT  SREG,R30
                 	.ENDM
                 
                 
                 	.MACRO __PUTB1SN
                 	LDD  R26,Y+@0
                 	LDD  R27,Y+@0+1
                 	SUBI R26,LOW(-@1)
                 	SBCI R27,HIGH(-@1)
                 	ST   X,R30
                 	.ENDM
                 
                 	.MACRO __PUTW1SN
                 	LDD  R26,Y+@0
                 	LDD  R27,Y+@0+1
                 	SUBI R26,LOW(-@1)
                 	SBCI R27,HIGH(-@1)
                 	ST   X+,R30
                 	ST   X,R31
                 	.ENDM
                 
                 	.MACRO __PUTD1SN
                 	LDD  R26,Y+@0
                 	LDD  R27,Y+@0+1
                 	SUBI R26,LOW(-@1)
                 	SBCI R27,HIGH(-@1)
                 	CALL __PUTDP1
                 	.ENDM
                 
                 	.MACRO __PUTB1SNS
                 	LDD  R26,Y+@0
                 	LDD  R27,Y+@0+1
                 	ADIW R26,@1
                 	ST   X,R30
                 	.ENDM
                 
                 	.MACRO __PUTW1SNS
                 	LDD  R26,Y+@0
                 	LDD  R27,Y+@0+1
                 	ADIW R26,@1
                 	ST   X+,R30
                 	ST   X,R31
                 	.ENDM
                 
                 	.MACRO __PUTD1SNS
                 	LDD  R26,Y+@0
                 	LDD  R27,Y+@0+1
                 	ADIW R26,@1
                 	CALL __PUTDP1
                 	.ENDM
                 
                 	.MACRO __PUTB1PMN
                 	LDS  R26,@0
                 	LDS  R27,@0+1
                 	SUBI R26,LOW(-@1)
                 	SBCI R27,HIGH(-@1)
                 	ST   X,R30
                 	.ENDM
                 
                 	.MACRO __PUTW1PMN
                 	LDS  R26,@0
                 	LDS  R27,@0+1
                 	SUBI R26,LOW(-@1)
                 	SBCI R27,HIGH(-@1)
                 	ST   X+,R30
                 	ST   X,R31
                 	.ENDM
                 
                 	.MACRO __PUTD1PMN
                 	LDS  R26,@0
                 	LDS  R27,@0+1
                 	SUBI R26,LOW(-@1)
                 	SBCI R27,HIGH(-@1)
                 	CALL __PUTDP1
                 	.ENDM
                 
                 	.MACRO __PUTB1PMNS
                 	LDS  R26,@0
                 	LDS  R27,@0+1
                 	ADIW R26,@1
                 	ST   X,R30
                 	.ENDM
                 
                 	.MACRO __PUTW1PMNS
                 	LDS  R26,@0
                 	LDS  R27,@0+1
                 	ADIW R26,@1
                 	ST   X+,R30
                 	ST   X,R31
                 	.ENDM
                 
                 	.MACRO __PUTD1PMNS
                 	LDS  R26,@0
                 	LDS  R27,@0+1
                 	ADIW R26,@1
                 	CALL __PUTDP1
                 	.ENDM
                 
                 	.MACRO __PUTB1RN
                 	MOVW R26,R@0
                 	SUBI R26,LOW(-@1)
                 	SBCI R27,HIGH(-@1)
                 	ST   X,R30
                 	.ENDM
                 
                 	.MACRO __PUTW1RN
                 	MOVW R26,R@0
                 	SUBI R26,LOW(-@1)
                 	SBCI R27,HIGH(-@1)
                 	ST   X+,R30
                 	ST   X,R31
                 	.ENDM
                 
                 	.MACRO __PUTD1RN
                 	MOVW R26,R@0
                 	SUBI R26,LOW(-@1)
                 	SBCI R27,HIGH(-@1)
                 	CALL __PUTDP1
                 	.ENDM
                 
                 	.MACRO __PUTB1RNS
                 	MOVW R26,R@0
                 	ADIW R26,@1
                 	ST   X,R30
                 	.ENDM
                 
                 	.MACRO __PUTW1RNS
                 	MOVW R26,R@0
                 	ADIW R26,@1
                 	ST   X+,R30
                 	ST   X,R31
                 	.ENDM
                 
                 	.MACRO __PUTD1RNS
                 	MOVW R26,R@0
                 	ADIW R26,@1
                 	CALL __PUTDP1
                 	.ENDM
                 
                 	.MACRO __PUTB1RON
                 	MOV  R26,R@0
                 	MOV  R27,R@1
                 	SUBI R26,LOW(-@2)
                 	SBCI R27,HIGH(-@2)
                 	ST   X,R30
                 	.ENDM
                 
                 	.MACRO __PUTW1RON
                 	MOV  R26,R@0
                 	MOV  R27,R@1
                 	SUBI R26,LOW(-@2)
                 	SBCI R27,HIGH(-@2)
                 	ST   X+,R30
                 	ST   X,R31
                 	.ENDM
                 
                 	.MACRO __PUTD1RON
                 	MOV  R26,R@0
                 	MOV  R27,R@1
                 	SUBI R26,LOW(-@2)
                 	SBCI R27,HIGH(-@2)
                 	CALL __PUTDP1
                 	.ENDM
                 
                 	.MACRO __PUTB1RONS
                 	MOV  R26,R@0
                 	MOV  R27,R@1
                 	ADIW R26,@2
                 	ST   X,R30
                 	.ENDM
                 
                 	.MACRO __PUTW1RONS
                 	MOV  R26,R@0
                 	MOV  R27,R@1
                 	ADIW R26,@2
                 	ST   X+,R30
                 	ST   X,R31
                 	.ENDM
                 
                 	.MACRO __PUTD1RONS
                 	MOV  R26,R@0
                 	MOV  R27,R@1
                 	ADIW R26,@2
                 	CALL __PUTDP1
                 	.ENDM
                 
                 
                 	.MACRO __GETB1SX
                 	MOVW R30,R28
                 	SUBI R30,LOW(-@0)
                 	SBCI R31,HIGH(-@0)
                 	LD   R30,Z
                 	.ENDM
                 
                 	.MACRO __GETB1HSX
                 	MOVW R30,R28
                 	SUBI R30,LOW(-@0)
                 	SBCI R31,HIGH(-@0)
                 	LD   R31,Z
                 	.ENDM
                 
                 	.MACRO __GETW1SX
                 	MOVW R30,R28
                 	SUBI R30,LOW(-@0)
                 	SBCI R31,HIGH(-@0)
                 	LD   R0,Z+
                 	LD   R31,Z
                 	MOV  R30,R0
                 	.ENDM
                 
                 	.MACRO __GETD1SX
                 	MOVW R30,R28
                 	SUBI R30,LOW(-@0)
                 	SBCI R31,HIGH(-@0)
                 	LD   R0,Z+
                 	LD   R1,Z+
                 	LD   R22,Z+
                 	LD   R23,Z
                 	MOVW R30,R0
                 	.ENDM
                 
                 	.MACRO __GETB2SX
                 	MOVW R26,R28
                 	SUBI R26,LOW(-@0)
                 	SBCI R27,HIGH(-@0)
                 	LD   R26,X
                 	.ENDM
                 
                 	.MACRO __GETW2SX
                 	MOVW R26,R28
                 	SUBI R26,LOW(-@0)
                 	SBCI R27,HIGH(-@0)
                 	LD   R0,X+
                 	LD   R27,X
                 	MOV  R26,R0
                 	.ENDM
                 
                 	.MACRO __GETD2SX
                 	MOVW R26,R28
                 	SUBI R26,LOW(-@0)
                 	SBCI R27,HIGH(-@0)
                 	LD   R0,X+
                 	LD   R1,X+
                 	LD   R24,X+
                 	LD   R25,X
                 	MOVW R26,R0
                 	.ENDM
                 
                 	.MACRO __GETBRSX
                 	MOVW R30,R28
                 	SUBI R30,LOW(-@1)
                 	SBCI R31,HIGH(-@1)
                 	LD   R@0,Z
                 	.ENDM
                 
                 	.MACRO __GETWRSX
                 	MOVW R30,R28
                 	SUBI R30,LOW(-@2)
                 	SBCI R31,HIGH(-@2)
                 	LD   R@0,Z+
                 	LD   R@1,Z
                 	.ENDM
                 
                 	.MACRO __GETBRSX2
                 	MOVW R26,R28
                 	SUBI R26,LOW(-@1)
                 	SBCI R27,HIGH(-@1)
                 	LD   R@0,X
                 	.ENDM
                 
                 	.MACRO __GETWRSX2
                 	MOVW R26,R28
                 	SUBI R26,LOW(-@2)
                 	SBCI R27,HIGH(-@2)
                 	LD   R@0,X+
                 	LD   R@1,X
                 	.ENDM
                 
                 	.MACRO __LSLW8SX
                 	MOVW R30,R28
                 	SUBI R30,LOW(-@0)
                 	SBCI R31,HIGH(-@0)
                 	LD   R31,Z
                 	CLR  R30
                 	.ENDM
                 
                 	.MACRO __PUTB1SX
                 	MOVW R26,R28
                 	SUBI R26,LOW(-@0)
                 	SBCI R27,HIGH(-@0)
                 	ST   X,R30
                 	.ENDM
                 
                 	.MACRO __PUTW1SX
                 	MOVW R26,R28
                 	SUBI R26,LOW(-@0)
                 	SBCI R27,HIGH(-@0)
                 	ST   X+,R30
                 	ST   X,R31
                 	.ENDM
                 
                 	.MACRO __PUTD1SX
                 	MOVW R26,R28
                 	SUBI R26,LOW(-@0)
                 	SBCI R27,HIGH(-@0)
                 	ST   X+,R30
                 	ST   X+,R31
                 	ST   X+,R22
                 	ST   X,R23
                 	.ENDM
                 
                 	.MACRO __CLRW1SX
                 	MOVW R26,R28
                 	SUBI R26,LOW(-@0)
                 	SBCI R27,HIGH(-@0)
                 	ST   X+,R30
                 	ST   X,R30
                 	.ENDM
                 
                 	.MACRO __CLRD1SX
                 	MOVW R26,R28
                 	SUBI R26,LOW(-@0)
                 	SBCI R27,HIGH(-@0)
                 	ST   X+,R30
                 	ST   X+,R30
                 	ST   X+,R30
                 	ST   X,R30
                 	.ENDM
                 
                 	.MACRO __PUTB2SX
                 	MOVW R30,R28
                 	SUBI R30,LOW(-@0)
                 	SBCI R31,HIGH(-@0)
                 	ST   Z,R26
                 	.ENDM
                 
                 	.MACRO __PUTW2SX
                 	MOVW R30,R28
                 	SUBI R30,LOW(-@0)
                 	SBCI R31,HIGH(-@0)
                 	ST   Z+,R26
                 	ST   Z,R27
                 	.ENDM
                 
                 	.MACRO __PUTD2SX
                 	MOVW R30,R28
                 	SUBI R30,LOW(-@0)
                 	SBCI R31,HIGH(-@0)
                 	ST   Z+,R26
                 	ST   Z+,R27
                 	ST   Z+,R24
                 	ST   Z,R25
                 	.ENDM
                 
                 	.MACRO __PUTBSRX
                 	MOVW R30,R28
                 	SUBI R30,LOW(-@1)
                 	SBCI R31,HIGH(-@1)
                 	ST   Z,R@0
                 	.ENDM
                 
                 	.MACRO __PUTWSRX
                 	MOVW R30,R28
                 	SUBI R30,LOW(-@2)
                 	SBCI R31,HIGH(-@2)
                 	ST   Z+,R@0
                 	ST   Z,R@1
                 	.ENDM
                 
                 	.MACRO __PUTB1SNX
                 	MOVW R26,R28
                 	SUBI R26,LOW(-@0)
                 	SBCI R27,HIGH(-@0)
                 	LD   R0,X+
                 	LD   R27,X
                 	MOV  R26,R0
                 	SUBI R26,LOW(-@1)
                 	SBCI R27,HIGH(-@1)
                 	ST   X,R30
                 	.ENDM
                 
                 	.MACRO __PUTW1SNX
                 	MOVW R26,R28
                 	SUBI R26,LOW(-@0)
                 	SBCI R27,HIGH(-@0)
                 	LD   R0,X+
                 	LD   R27,X
                 	MOV  R26,R0
                 	SUBI R26,LOW(-@1)
                 	SBCI R27,HIGH(-@1)
                 	ST   X+,R30
                 	ST   X,R31
                 	.ENDM
                 
                 	.MACRO __PUTD1SNX
                 	MOVW R26,R28
                 	SUBI R26,LOW(-@0)
                 	SBCI R27,HIGH(-@0)
                 	LD   R0,X+
                 	LD   R27,X
                 	MOV  R26,R0
                 	SUBI R26,LOW(-@1)
                 	SBCI R27,HIGH(-@1)
                 	ST   X+,R30
                 	ST   X+,R31
                 	ST   X+,R22
                 	ST   X,R23
                 	.ENDM
                 
                 	.MACRO __MULBRR
                 	MULS R@0,R@1
                 	MOVW R30,R0
                 	.ENDM
                 
                 	.MACRO __MULBRRU
                 	MUL  R@0,R@1
                 	MOVW R30,R0
                 	.ENDM
                 
                 	.MACRO __MULBRR0
                 	MULS R@0,R@1
                 	.ENDM
                 
                 	.MACRO __MULBRRU0
                 	MUL  R@0,R@1
                 	.ENDM
                 
                 	.MACRO __MULBNWRU
                 	LDI  R26,@2
                 	MUL  R26,R@0
                 	MOVW R30,R0
                 	MUL  R26,R@1
                 	ADD  R31,R0
                 	.ENDM
                 
                 ;NAME DEFINITIONS FOR GLOBAL VARIABLES ALLOCATED TO REGISTERS
                 	.DEF _ADC=R4
                 	.DEF __lcd_x=R7
                 	.DEF __lcd_y=R6
                 	.DEF __lcd_maxx=R9
                 
                 	.CSEG
                 	.ORG 0x00
                 
                 ;START OF CODE MARKER
                 __START_OF_CODE:
                 
                 ;INTERRUPT VECTORS
000000 940c 003d 	JMP  __RESET
000002 940c 0000 	JMP  0x00
000004 940c 0000 	JMP  0x00
000006 940c 0000 	JMP  0x00
000008 940c 0000 	JMP  0x00
00000a 940c 0000 	JMP  0x00
00000c 940c 0000 	JMP  0x00
00000e 940c 0000 	JMP  0x00
000010 940c 0000 	JMP  0x00
000012 940c 0000 	JMP  0x00
000014 940c 0000 	JMP  0x00
000016 940c 0000 	JMP  0x00
000018 940c 0000 	JMP  0x00
00001a 940c 0000 	JMP  0x00
00001c 940c 0000 	JMP  0x00
00001e 940c 0000 	JMP  0x00
000020 940c 0000 	JMP  0x00
000022 940c 0000 	JMP  0x00
000024 940c 0000 	JMP  0x00
000026 940c 0000 	JMP  0x00
000028 940c 0000 	JMP  0x00
                 
                 _0x0:
00002a 694e
00002b 616c
00002c 2069
00002d 4441      	.DB  0x4E,0x69,0x6C,0x61,0x69,0x20,0x41,0x44
00002e 0043      	.DB  0x43,0x0
                 _0x2000060:
C:\Users\Dionisius\Desktop\New folder\List\ADC@.asm(1110): warning: .cseg .db misalignment - padding zero byte
00002f 0001      	.DB  0x1
                 _0x2000000:
000030 4e2d
000031 4e41
000032 4900
000033 464e      	.DB  0x2D,0x4E,0x41,0x4E,0x0,0x49,0x4E,0x46
C:\Users\Dionisius\Desktop\New folder\List\ADC@.asm(1113): warning: .cseg .db misalignment - padding zero byte
000034 0000      	.DB  0x0
                 _0x2020003:
000035 c080      	.DB  0x80,0xC0
                 
                 __GLOBAL_INI_TBL:
000036 0001      	.DW  0x01
000037 0170      	.DW  __seed_G100
000038 005e      	.DW  _0x2000060*2
                 
000039 0002      	.DW  0x02
00003a 0174      	.DW  __base_y_G101
00003b 006a      	.DW  _0x2020003*2
                 
                 _0xFFFFFFFF:
00003c 0000      	.DW  0
                 
                 __RESET:
00003d 94f8      	CLI
00003e 27ee      	CLR  R30
00003f bbec      	OUT  EECR,R30
                 
                 ;INTERRUPT VECTORS ARE PLACED
                 ;AT THE START OF FLASH
000040 e0f1      	LDI  R31,1
000041 bffb      	OUT  GICR,R31
000042 bfeb      	OUT  GICR,R30
000043 bfe5      	OUT  MCUCR,R30
                 
                 ;DISABLE WATCHDOG
000044 e1f8      	LDI  R31,0x18
000045 bdf1      	OUT  WDTCR,R31
000046 bde1      	OUT  WDTCR,R30
                 
                 ;CLEAR R2-R14
000047 e08d      	LDI  R24,(14-2)+1
000048 e0a2      	LDI  R26,2
000049 27bb      	CLR  R27
                 __CLEAR_REG:
00004a 93ed      	ST   X+,R30
00004b 958a      	DEC  R24
00004c f7e9      	BRNE __CLEAR_REG
                 
                 ;CLEAR SRAM
00004d e080      	LDI  R24,LOW(__CLEAR_SRAM_SIZE)
00004e e094      	LDI  R25,HIGH(__CLEAR_SRAM_SIZE)
00004f e6a0      	LDI  R26,__SRAM_START
                 __CLEAR_SRAM:
000050 93ed      	ST   X+,R30
000051 9701      	SBIW R24,1
000052 f7e9      	BRNE __CLEAR_SRAM
                 
                 ;GLOBAL VARIABLES INITIALIZATION
000053 e6ec      	LDI  R30,LOW(__GLOBAL_INI_TBL*2)
000054 e0f0      	LDI  R31,HIGH(__GLOBAL_INI_TBL*2)
                 __GLOBAL_INI_NEXT:
000055 9185      	LPM  R24,Z+
000056 9195      	LPM  R25,Z+
000057 9700      	SBIW R24,0
000058 f061      	BREQ __GLOBAL_INI_END
000059 91a5      	LPM  R26,Z+
00005a 91b5      	LPM  R27,Z+
00005b 9005      	LPM  R0,Z+
00005c 9015      	LPM  R1,Z+
00005d 01bf      	MOVW R22,R30
00005e 01f0      	MOVW R30,R0
                 __GLOBAL_INI_LOOP:
00005f 9005      	LPM  R0,Z+
000060 920d      	ST   X+,R0
000061 9701      	SBIW R24,1
000062 f7e1      	BRNE __GLOBAL_INI_LOOP
000063 01fb      	MOVW R30,R22
000064 cff0      	RJMP __GLOBAL_INI_NEXT
                 __GLOBAL_INI_END:
                 
                 ;HARDWARE STACK POINTER INITIALIZATION
000065 e5ef      	LDI  R30,LOW(__SRAM_END-__HEAP_SIZE)
000066 bfed      	OUT  SPL,R30
000067 e0e4      	LDI  R30,HIGH(__SRAM_END-__HEAP_SIZE)
000068 bfee      	OUT  SPH,R30
                 
                 ;DATA STACK POINTER INITIALIZATION
000069 e6c0      	LDI  R28,LOW(__SRAM_START+__DSTACK_SIZE)
00006a e0d1      	LDI  R29,HIGH(__SRAM_START+__DSTACK_SIZE)
                 
00006b 940c 007b 	JMP  _main
                 
                 	.ESEG
                 	.ORG 0
                 
                 	.DSEG
                 	.ORG 0x160
                 
                 	.CSEG
                 ;/*****************************************************
                 ;This program was produced by the
                 ;CodeWizardAVR V2.05.3 Standard
                 ;Automatic Program Generator
                 ;© Copyright 1998-2011 Pavel Haiduc, HP InfoTech s.r.l.
                 ;http://www.hpinfotech.com
                 ;
                 ;Project :
                 ;Version :
                 ;Date    : 4/10/2015
                 ;Author  : Dionisius
                 ;Company :
                 ;Comments:
                 ;
                 ;
                 ;Chip type               : ATmega16
                 ;Program type            : Application
                 ;AVR Core Clock frequency: 12.000000 MHz
                 ;Memory model            : Small
                 ;External RAM size       : 0
                 ;Data Stack size         : 256
                 ;*****************************************************/
                 ;int ADC;
                 ;char temp[16];
                 ;
                 ;#include <mega16.h>
                 	#ifndef __SLEEP_DEFINED__
                 	#define __SLEEP_DEFINED__
                 	.EQU __se_bit=0x40
                 	.EQU __sm_mask=0xB0
                 	.EQU __sm_powerdown=0x20
                 	.EQU __sm_powersave=0x30
                 	.EQU __sm_standby=0xA0
                 	.EQU __sm_ext_standby=0xB0
                 	.EQU __sm_adc_noise_red=0x10
                 	.SET power_ctrl_reg=mcucr
                 	#endif
                 ;#include <stdlib.h>
                 ;#include <delay.h>
                 ;
                 ;// Alphanumeric LCD functions
                 ;#include <alcd.h>
                 ;
                 ;#define ADC_VREF_TYPE 0x00
                 ;
                 ;// Read the AD conversion result
                 ;unsigned int read_adc(unsigned char adc_input)
                 ; 0000 0025 {
                 
                 	.CSEG
                 _read_adc:
                 ; 0000 0026 ADMUX=adc_input | (ADC_VREF_TYPE & 0xff);
00006d 93aa      	ST   -Y,R26
                 ;	adc_input -> Y+0
00006e 81e8      	LD   R30,Y
00006f b9e7      	OUT  0x7,R30
                 ; 0000 0027 // Delay needed for the stabilization of the ADC input voltage
                 ; 0000 0028 delay_us(10);
                +
000070 e288     +LDI R24 , LOW ( 40 )
                +__DELAY_USB_LOOP :
000071 958a     +DEC R24
000072 f7f1     +BRNE __DELAY_USB_LOOP
                 	__DELAY_USB 40
                 ; 0000 0029 // Start the AD conversion
                 ; 0000 002A ADCSRA|=0x40;
000073 9a36      	SBI  0x6,6
                 ; 0000 002B // Wait for the AD conversion to complete
                 ; 0000 002C while ((ADCSRA & 0x10)==0);
                 _0x3:
000074 9b34      	SBIS 0x6,4
000075 cffe      	RJMP _0x3
                 ; 0000 002D ADCSRA|=0x10;
000076 9a34      	SBI  0x6,4
                 ; 0000 002E return ADCW;
000077 b1e4      	IN   R30,0x4
000078 b1f5      	IN   R31,0x4+1
000079 940c 0193 	JMP  _0x20A0001
                 ; 0000 002F }
                 ;
                 ;// Declare your global variables here
                 ;
                 ;void main(void)
                 ; 0000 0034 {
                 _main:
                 ; 0000 0035 // Declare your local variables here
                 ; 0000 0036 
                 ; 0000 0037 // Input/Output Ports initialization
                 ; 0000 0038 // Port A initialization
                 ; 0000 0039 // Func7=In Func6=In Func5=In Func4=In Func3=In Func2=In Func1=In Func0=In
                 ; 0000 003A // State7=T State6=T State5=T State4=T State3=T State2=T State1=T State0=T
                 ; 0000 003B PORTA=0x00;
00007b e0e0      	LDI  R30,LOW(0)
00007c bbeb      	OUT  0x1B,R30
                 ; 0000 003C DDRA=0x00;
00007d bbea      	OUT  0x1A,R30
                 ; 0000 003D 
                 ; 0000 003E // Port B initialization
                 ; 0000 003F // Func7=In Func6=In Func5=In Func4=In Func3=In Func2=In Func1=In Func0=In
                 ; 0000 0040 // State7=T State6=T State5=T State4=T State3=T State2=T State1=T State0=T
                 ; 0000 0041 PORTB=0x00;
00007e bbe8      	OUT  0x18,R30
                 ; 0000 0042 DDRB=0x00;
00007f bbe7      	OUT  0x17,R30
                 ; 0000 0043 
                 ; 0000 0044 // Port C initialization
                 ; 0000 0045 // Func7=In Func6=In Func5=In Func4=In Func3=In Func2=In Func1=In Func0=In
                 ; 0000 0046 // State7=T State6=T State5=T State4=T State3=T State2=T State1=T State0=T
                 ; 0000 0047 PORTC=0x00;
000080 bbe5      	OUT  0x15,R30
                 ; 0000 0048 DDRC=0x00;
000081 bbe4      	OUT  0x14,R30
                 ; 0000 0049 
                 ; 0000 004A // Port D initialization
                 ; 0000 004B // Func7=In Func6=In Func5=In Func4=In Func3=In Func2=In Func1=In Func0=In
                 ; 0000 004C // State7=T State6=T State5=T State4=T State3=T State2=T State1=T State0=T
                 ; 0000 004D PORTD=0x00;
000082 bbe2      	OUT  0x12,R30
                 ; 0000 004E DDRD=0x00;
000083 bbe1      	OUT  0x11,R30
                 ; 0000 004F 
                 ; 0000 0050 // Timer/Counter 0 initialization
                 ; 0000 0051 // Clock source: System Clock
                 ; 0000 0052 // Clock value: Timer 0 Stopped
                 ; 0000 0053 // Mode: Normal top=0xFF
                 ; 0000 0054 // OC0 output: Disconnected
                 ; 0000 0055 TCCR0=0x00;
000084 bfe3      	OUT  0x33,R30
                 ; 0000 0056 TCNT0=0x00;
000085 bfe2      	OUT  0x32,R30
                 ; 0000 0057 OCR0=0x00;
000086 bfec      	OUT  0x3C,R30
                 ; 0000 0058 
                 ; 0000 0059 // Timer/Counter 1 initialization
                 ; 0000 005A // Clock source: System Clock
                 ; 0000 005B // Clock value: Timer1 Stopped
                 ; 0000 005C // Mode: Normal top=0xFFFF
                 ; 0000 005D // OC1A output: Discon.
                 ; 0000 005E // OC1B output: Discon.
                 ; 0000 005F // Noise Canceler: Off
                 ; 0000 0060 // Input Capture on Falling Edge
                 ; 0000 0061 // Timer1 Overflow Interrupt: Off
                 ; 0000 0062 // Input Capture Interrupt: Off
                 ; 0000 0063 // Compare A Match Interrupt: Off
                 ; 0000 0064 // Compare B Match Interrupt: Off
                 ; 0000 0065 TCCR1A=0x00;
000087 bdef      	OUT  0x2F,R30
                 ; 0000 0066 TCCR1B=0x00;
000088 bdee      	OUT  0x2E,R30
                 ; 0000 0067 TCNT1H=0x00;
000089 bded      	OUT  0x2D,R30
                 ; 0000 0068 TCNT1L=0x00;
00008a bdec      	OUT  0x2C,R30
                 ; 0000 0069 ICR1H=0x00;
00008b bde7      	OUT  0x27,R30
                 ; 0000 006A ICR1L=0x00;
00008c bde6      	OUT  0x26,R30
                 ; 0000 006B OCR1AH=0x00;
00008d bdeb      	OUT  0x2B,R30
                 ; 0000 006C OCR1AL=0x00;
00008e bdea      	OUT  0x2A,R30
                 ; 0000 006D OCR1BH=0x00;
00008f bde9      	OUT  0x29,R30
                 ; 0000 006E OCR1BL=0x00;
000090 bde8      	OUT  0x28,R30
                 ; 0000 006F 
                 ; 0000 0070 // Timer/Counter 2 initialization
                 ; 0000 0071 // Clock source: System Clock
                 ; 0000 0072 // Clock value: Timer2 Stopped
                 ; 0000 0073 // Mode: Normal top=0xFF
                 ; 0000 0074 // OC2 output: Disconnected
                 ; 0000 0075 ASSR=0x00;
000091 bde2      	OUT  0x22,R30
                 ; 0000 0076 TCCR2=0x00;
000092 bde5      	OUT  0x25,R30
                 ; 0000 0077 TCNT2=0x00;
000093 bde4      	OUT  0x24,R30
                 ; 0000 0078 OCR2=0x00;
000094 bde3      	OUT  0x23,R30
                 ; 0000 0079 
                 ; 0000 007A // External Interrupt(s) initialization
                 ; 0000 007B // INT0: Off
                 ; 0000 007C // INT1: Off
                 ; 0000 007D // INT2: Off
                 ; 0000 007E MCUCR=0x00;
000095 bfe5      	OUT  0x35,R30
                 ; 0000 007F MCUCSR=0x00;
000096 bfe4      	OUT  0x34,R30
                 ; 0000 0080 
                 ; 0000 0081 // Timer(s)/Counter(s) Interrupt(s) initialization
                 ; 0000 0082 TIMSK=0x00;
000097 bfe9      	OUT  0x39,R30
                 ; 0000 0083 
                 ; 0000 0084 // USART initialization
                 ; 0000 0085 // USART disabled
                 ; 0000 0086 UCSRB=0x00;
000098 b9ea      	OUT  0xA,R30
                 ; 0000 0087 
                 ; 0000 0088 // Analog Comparator initialization
                 ; 0000 0089 // Analog Comparator: Off
                 ; 0000 008A // Analog Comparator Input Capture by Timer/Counter 1: Off
                 ; 0000 008B ACSR=0x80;
000099 e8e0      	LDI  R30,LOW(128)
00009a b9e8      	OUT  0x8,R30
                 ; 0000 008C SFIOR=0x00;
00009b e0e0      	LDI  R30,LOW(0)
00009c bfe0      	OUT  0x30,R30
                 ; 0000 008D 
                 ; 0000 008E // ADC initialization
                 ; 0000 008F // ADC Clock frequency: 750.000 kHz
                 ; 0000 0090 // ADC Voltage Reference: AREF pin
                 ; 0000 0091 // ADC Auto Trigger Source: ADC Stopped
                 ; 0000 0092 ADMUX=ADC_VREF_TYPE & 0xff;
00009d b9e7      	OUT  0x7,R30
                 ; 0000 0093 ADCSRA=0x84;
00009e e8e4      	LDI  R30,LOW(132)
00009f b9e6      	OUT  0x6,R30
                 ; 0000 0094 
                 ; 0000 0095 // SPI initialization
                 ; 0000 0096 // SPI disabled
                 ; 0000 0097 SPCR=0x00;
0000a0 e0e0      	LDI  R30,LOW(0)
0000a1 b9ed      	OUT  0xD,R30
                 ; 0000 0098 
                 ; 0000 0099 // TWI initialization
                 ; 0000 009A // TWI disabled
                 ; 0000 009B TWCR=0x00;
0000a2 bfe6      	OUT  0x36,R30
                 ; 0000 009C 
                 ; 0000 009D // Alphanumeric LCD initialization
                 ; 0000 009E // Connections are specified in the
                 ; 0000 009F // Project|Configure|C Compiler|Libraries|Alphanumeric LCD menu:
                 ; 0000 00A0 // RS - PORTC Bit 0
                 ; 0000 00A1 // RD - PORTC Bit 1
                 ; 0000 00A2 // EN - PORTC Bit 2
                 ; 0000 00A3 // D4 - PORTC Bit 4
                 ; 0000 00A4 // D5 - PORTC Bit 5
                 ; 0000 00A5 // D6 - PORTC Bit 6
                 ; 0000 00A6 // D7 - PORTC Bit 7
                 ; 0000 00A7 // Characters/line: 16
                 ; 0000 00A8 lcd_init(16);
0000a3 e1a0      	LDI  R26,LOW(16)
0000a4 940e 0167 	CALL _lcd_init
                 ; 0000 00A9 
                 ; 0000 00AA while (1)
                 _0x6:
                 ; 0000 00AB       {
                 ; 0000 00AC         ADC=read_adc(0);
0000a6 e0a0      	LDI  R26,LOW(0)
0000a7 dfc5      	RCALL _read_adc
0000a8 012f      	MOVW R4,R30
                 ; 0000 00AD         lcd_clear( );
0000a9 940e 0124 	CALL _lcd_clear
                 ; 0000 00AE         lcd_gotoxy(0,0);
0000ab e0e0      	LDI  R30,LOW(0)
0000ac 93ea      	ST   -Y,R30
0000ad e0a0      	LDI  R26,LOW(0)
0000ae 940e 0117 	CALL _lcd_gotoxy
                 ; 0000 00AF         lcd_putsf("Nilai ADC");
                +
0000b0 e5a4     +LDI R26 , LOW ( 2 * _0x0 + ( 0 ) )
0000b1 e0b0     +LDI R27 , HIGH ( 2 * _0x0 + ( 0 ) )
                 	__POINTW2FN _0x0,0
0000b2 940e 0154 	CALL _lcd_putsf
                 ; 0000 00B0         itoa(ADC,temp);
0000b4 925a      	ST   -Y,R5
0000b5 924a      	ST   -Y,R4
0000b6 e6a0      	LDI  R26,LOW(_temp)
0000b7 e0b1      	LDI  R27,HIGH(_temp)
0000b8 940e 00c9 	CALL _itoa
                 ; 0000 00B1         lcd_gotoxy(0,1) ;
0000ba e0e0      	LDI  R30,LOW(0)
0000bb 93ea      	ST   -Y,R30
0000bc e0a1      	LDI  R26,LOW(1)
0000bd 940e 0117 	CALL _lcd_gotoxy
                 ; 0000 00B2         lcd_puts(temp);
0000bf e6a0      	LDI  R26,LOW(_temp)
0000c0 e0b1      	LDI  R27,HIGH(_temp)
0000c1 940e 0145 	CALL _lcd_puts
                 ; 0000 00B3         delay_ms(500);
0000c3 efa4      	LDI  R26,LOW(500)
0000c4 e0b1      	LDI  R27,HIGH(500)
0000c5 940e 01a3 	CALL _delay_ms
                 ; 0000 00B4 
                 ; 0000 00B5       }
0000c7 cfde      	RJMP _0x6
                 ; 0000 00B6 }
                 _0x9:
0000c8 cfff      	RJMP _0x9
                 
                 	.CSEG
                 _itoa:
0000c9 93ba      	ST   -Y,R27
0000ca 93aa      	ST   -Y,R26
0000cb 91a9          ld   r26,y+
0000cc 91b9          ld   r27,y+
0000cd 91e9          ld   r30,y+
0000ce 91f9          ld   r31,y+
0000cf 9630          adiw r30,0
0000d0 f42a          brpl __itoa0
0000d1 95e0          com  r30
0000d2 95f0          com  r31
0000d3 9631          adiw r30,1
0000d4 e26d          ldi  r22,'-'
0000d5 936d          st   x+,r22
                 __itoa0:
0000d6 94e8          clt
0000d7 e180          ldi  r24,low(10000)
0000d8 e297          ldi  r25,high(10000)
0000d9 d00d          rcall __itoa1
0000da ee88          ldi  r24,low(1000)
0000db e093          ldi  r25,high(1000)
0000dc d00a          rcall __itoa1
0000dd e684          ldi  r24,100
0000de 2799          clr  r25
0000df d007          rcall __itoa1
0000e0 e08a          ldi  r24,10
0000e1 d005          rcall __itoa1
0000e2 2f6e          mov  r22,r30
0000e3 d010          rcall __itoa5
0000e4 2766          clr  r22
0000e5 936c          st   x,r22
0000e6 9508          ret
                 
                 __itoa1:
0000e7 2766          clr	 r22
                 __itoa2:
0000e8 17e8          cp   r30,r24
0000e9 07f9          cpc  r31,r25
0000ea f020          brlo __itoa3
0000eb 9563          inc  r22
0000ec 1be8          sub  r30,r24
0000ed 0bf9          sbc  r31,r25
0000ee f7c9          brne __itoa2
                 __itoa3:
0000ef 2366          tst  r22
0000f0 f411          brne __itoa4
0000f1 f016          brts __itoa5
0000f2 9508          ret
                 __itoa4:
0000f3 9468          set
                 __itoa5:
0000f4 5d60          subi r22,-0x30
0000f5 936d          st   x+,r22
0000f6 9508          ret
                 
                 	.DSEG
                 
                 	.CSEG
                 	#ifndef __SLEEP_DEFINED__
                 	#endif
                 
                 	.DSEG
                 
                 	.CSEG
                 __lcd_write_nibble_G101:
0000f7 93aa      	ST   -Y,R26
0000f8 b3e5      	IN   R30,0x15
0000f9 70ef      	ANDI R30,LOW(0xF)
0000fa 2fae      	MOV  R26,R30
0000fb 81e8      	LD   R30,Y
0000fc 7fe0      	ANDI R30,LOW(0xF0)
0000fd 2bea      	OR   R30,R26
0000fe bbe5      	OUT  0x15,R30
                +
0000ff e088     +LDI R24 , LOW ( 8 )
                +__DELAY_USB_LOOP :
000100 958a     +DEC R24
000101 f7f1     +BRNE __DELAY_USB_LOOP
                 	__DELAY_USB 8
000102 9aaa      	SBI  0x15,2
                +
000103 e184     +LDI R24 , LOW ( 20 )
                +__DELAY_USB_LOOP :
000104 958a     +DEC R24
000105 f7f1     +BRNE __DELAY_USB_LOOP
                 	__DELAY_USB 20
000106 98aa      	CBI  0x15,2
                +
000107 e184     +LDI R24 , LOW ( 20 )
                +__DELAY_USB_LOOP :
000108 958a     +DEC R24
000109 f7f1     +BRNE __DELAY_USB_LOOP
                 	__DELAY_USB 20
00010a c088      	RJMP _0x20A0001
                 __lcd_write_data:
00010b 93aa      	ST   -Y,R26
00010c 81a8      	LD   R26,Y
00010d dfe9      	RCALL __lcd_write_nibble_G101
00010e 81e8          ld    r30,y
00010f 95e2          swap  r30
000110 83e8          st    y,r30
000111 81a8      	LD   R26,Y
000112 dfe4      	RCALL __lcd_write_nibble_G101
                +
000113 ec88     +LDI R24 , LOW ( 200 )
                +__DELAY_USB_LOOP :
000114 958a     +DEC R24
000115 f7f1     +BRNE __DELAY_USB_LOOP
                 	__DELAY_USB 200
000116 c07c      	RJMP _0x20A0001
                 _lcd_gotoxy:
000117 93aa      	ST   -Y,R26
000118 81e8      	LD   R30,Y
000119 e0f0      	LDI  R31,0
00011a 58ec      	SUBI R30,LOW(-__base_y_G101)
00011b 4ffe      	SBCI R31,HIGH(-__base_y_G101)
00011c 81e0      	LD   R30,Z
00011d 81a9      	LDD  R26,Y+1
00011e 0fae      	ADD  R26,R30
00011f dfeb      	RCALL __lcd_write_data
000120 8079      	LDD  R7,Y+1
000121 8068      	LDD  R6,Y+0
000122 9622      	ADIW R28,2
000123 9508      	RET
                 _lcd_clear:
000124 e0a2      	LDI  R26,LOW(2)
000125 940e 0195 	CALL SUBOPT_0x0
000127 e0ac      	LDI  R26,LOW(12)
000128 dfe2      	RCALL __lcd_write_data
000129 e0a1      	LDI  R26,LOW(1)
00012a 940e 0195 	CALL SUBOPT_0x0
00012c e0e0      	LDI  R30,LOW(0)
00012d 2e6e      	MOV  R6,R30
00012e 2e7e      	MOV  R7,R30
00012f 9508      	RET
                 _lcd_putchar:
000130 93aa      	ST   -Y,R26
000131 81a8      	LD   R26,Y
000132 30aa      	CPI  R26,LOW(0xA)
000133 f011      	BREQ _0x2020005
000134 1479      	CP   R7,R9
000135 f048      	BRLO _0x2020004
                 _0x2020005:
000136 e0e0      	LDI  R30,LOW(0)
000137 93ea      	ST   -Y,R30
000138 9463      	INC  R6
000139 2da6      	MOV  R26,R6
00013a dfdc      	RCALL _lcd_gotoxy
00013b 81a8      	LD   R26,Y
00013c 30aa      	CPI  R26,LOW(0xA)
00013d f409      	BRNE _0x2020007
00013e c054      	RJMP _0x20A0001
                 _0x2020007:
                 _0x2020004:
00013f 9473      	INC  R7
000140 9aa8      	SBI  0x15,0
000141 81a8      	LD   R26,Y
000142 dfc8      	RCALL __lcd_write_data
000143 98a8      	CBI  0x15,0
000144 c04e      	RJMP _0x20A0001
                 _lcd_puts:
000145 93ba      	ST   -Y,R27
000146 93aa      	ST   -Y,R26
000147 931a      	ST   -Y,R17
                 _0x2020008:
000148 81a9      	LDD  R26,Y+1
000149 81ba      	LDD  R27,Y+1+1
00014a 91ed      	LD   R30,X+
00014b 83a9      	STD  Y+1,R26
00014c 83ba      	STD  Y+1+1,R27
00014d 2f1e      	MOV  R17,R30
00014e 30e0      	CPI  R30,0
00014f f019      	BREQ _0x202000A
000150 2fa1      	MOV  R26,R17
000151 dfde      	RCALL _lcd_putchar
000152 cff5      	RJMP _0x2020008
                 _0x202000A:
000153 c010      	RJMP _0x20A0002
                 _lcd_putsf:
000154 93ba      	ST   -Y,R27
000155 93aa      	ST   -Y,R26
000156 931a      	ST   -Y,R17
                 _0x202000B:
000157 81e9      	LDD  R30,Y+1
000158 81fa      	LDD  R31,Y+1+1
000159 9631      	ADIW R30,1
00015a 83e9      	STD  Y+1,R30
00015b 83fa      	STD  Y+1+1,R31
00015c 9731      	SBIW R30,1
00015d 91e4      	LPM  R30,Z
00015e 2f1e      	MOV  R17,R30
00015f 30e0      	CPI  R30,0
000160 f019      	BREQ _0x202000D
000161 2fa1      	MOV  R26,R17
000162 dfcd      	RCALL _lcd_putchar
000163 cff3      	RJMP _0x202000B
                 _0x202000D:
                 _0x20A0002:
000164 8118      	LDD  R17,Y+0
000165 9623      	ADIW R28,3
000166 9508      	RET
                 _lcd_init:
000167 93aa      	ST   -Y,R26
000168 b3e4      	IN   R30,0x14
000169 6fe0      	ORI  R30,LOW(0xF0)
00016a bbe4      	OUT  0x14,R30
00016b 9aa2      	SBI  0x14,2
00016c 9aa0      	SBI  0x14,0
00016d 9aa1      	SBI  0x14,1
00016e 98aa      	CBI  0x15,2
00016f 98a8      	CBI  0x15,0
000170 98a9      	CBI  0x15,1
000171 8098      	LDD  R9,Y+0
000172 81e8      	LD   R30,Y
000173 58e0      	SUBI R30,-LOW(128)
                +
000174 93e0 0176+STS __base_y_G101 + ( 2 ) , R30
                 	__PUTB1MN __base_y_G101,2
000176 81e8      	LD   R30,Y
000177 54e0      	SUBI R30,-LOW(192)
                +
000178 93e0 0177+STS __base_y_G101 + ( 3 ) , R30
                 	__PUTB1MN __base_y_G101,3
00017a e1a4      	LDI  R26,LOW(20)
00017b e0b0      	LDI  R27,0
00017c 940e 01a3 	CALL _delay_ms
00017e 940e 019b 	CALL SUBOPT_0x1
000180 940e 019b 	CALL SUBOPT_0x1
000182 940e 019b 	CALL SUBOPT_0x1
000184 e2a0      	LDI  R26,LOW(32)
000185 df71      	RCALL __lcd_write_nibble_G101
                +
000186 e28c     +LDI R24 , LOW ( 300 )
000187 e091     +LDI R25 , HIGH ( 300 )
                +__DELAY_USW_LOOP :
000188 9701     +SBIW R24 , 1
000189 f7f1     +BRNE __DELAY_USW_LOOP
                 	__DELAY_USW 300
00018a e2a8      	LDI  R26,LOW(40)
00018b df7f      	RCALL __lcd_write_data
00018c e0a4      	LDI  R26,LOW(4)
00018d df7d      	RCALL __lcd_write_data
00018e e8a5      	LDI  R26,LOW(133)
00018f df7b      	RCALL __lcd_write_data
000190 e0a6      	LDI  R26,LOW(6)
000191 df79      	RCALL __lcd_write_data
000192 df91      	RCALL _lcd_clear
                 _0x20A0001:
000193 9621      	ADIW R28,1
000194 9508      	RET
                 
                 	.CSEG
                 
                 	.CSEG
                 
                 	.CSEG
                 
                 	.DSEG
                 _temp:
000160           	.BYTE 0x10
                 __seed_G100:
000170           	.BYTE 0x4
                 __base_y_G101:
000174           	.BYTE 0x4
                 
                 	.CSEG
                 ;OPTIMIZER ADDED SUBROUTINE, CALLED 2 TIMES, CODE SIZE REDUCTION:3 WORDS
                 SUBOPT_0x0:
000195 940e 010b 	CALL __lcd_write_data
000197 e0a3      	LDI  R26,LOW(3)
000198 e0b0      	LDI  R27,0
000199 940c 01a3 	JMP  _delay_ms
                 
                 ;OPTIMIZER ADDED SUBROUTINE, CALLED 3 TIMES, CODE SIZE REDUCTION:7 WORDS
                 SUBOPT_0x1:
00019b e3a0      	LDI  R26,LOW(48)
00019c 940e 00f7 	CALL __lcd_write_nibble_G101
                +
00019e e28c     +LDI R24 , LOW ( 300 )
00019f e091     +LDI R25 , HIGH ( 300 )
                +__DELAY_USW_LOOP :
0001a0 9701     +SBIW R24 , 1
0001a1 f7f1     +BRNE __DELAY_USW_LOOP
                 	__DELAY_USW 300
0001a2 9508      	RET
                 
                 
                 	.CSEG
                 _delay_ms:
0001a3 9610      	adiw r26,0
0001a4 f039      	breq __delay_ms1
                 __delay_ms0:
                +
0001a5 eb88     +LDI R24 , LOW ( 0xBB8 )
0001a6 e09b     +LDI R25 , HIGH ( 0xBB8 )
                +__DELAY_USW_LOOP :
0001a7 9701     +SBIW R24 , 1
0001a8 f7f1     +BRNE __DELAY_USW_LOOP
                 	__DELAY_USW 0xBB8
0001a9 95a8      	wdr
0001aa 9711      	sbiw r26,1
0001ab f7c9      	brne __delay_ms0
                 __delay_ms1:
0001ac 9508      	ret
                 
                 ;END OF CODE MARKER
                 __END_OF_CODE:


RESOURCE USE INFORMATION
------------------------

Notice:
The register and instruction counts are symbol table hit counts,
and hence implicitly used resources are not counted, eg, the
'lpm' instruction without operands implicitly uses r0 and z,
none of which are counted.

x,y,z are separate entities in the symbol table and are
counted separately from r26..r31 here.

.dseg memory usage only counts static data declared with .byte

ATmega16 register use summary:
r0 :   4 r1 :   1 r2 :   0 r3 :   0 r4 :   2 r5 :   1 r6 :   4 r7 :   4 
r8 :   0 r9 :   2 r10:   0 r11:   0 r12:   0 r13:   0 r14:   0 r15:   0 
r16:   0 r17:   7 r18:   0 r19:   0 r20:   0 r21:   0 r22:  12 r23:   0 
r24:  29 r25:  10 r26:  50 r27:  14 r28:   4 r29:   1 r30: 108 r31:  14 
x  :   7 y  :  48 z  :   9 
Registers used: 20 out of 35 (57.1%)

ATmega16 instruction use summary:
.lds  :   0 .lds.l:   0 .sts  :   0 .sts.l:   0 adc   :   0 add   :   1 
adiw  :   7 and   :   0 andi  :   2 asr   :   0 bclr  :   0 bld   :   0 
brbc  :   0 brbs  :   0 brcc  :   0 brcs  :   0 break :   0 breq  :   5 
brge  :   0 brhc  :   0 brhs  :   0 brid  :   0 brie  :   0 brlo  :   2 
brlt  :   0 brmi  :   0 brne  :  15 brpl  :   1 brsh  :   0 brtc  :   0 
brts  :   1 brvc  :   0 brvs  :   0 bset  :   0 bst   :   0 call  :  16 
cbi   :   5 cbr   :   0 clc   :   0 clh   :   0 cli   :   1 cln   :   0 
clr   :   5 cls   :   0 clt   :   1 clv   :   0 clz   :   0 com   :   2 
cp    :   2 cpc   :   1 cpi   :   4 cpse  :   0 dec   :   6 des   :   0 
eor   :   0 fmul  :   0 fmuls :   0 fmulsu:   0 icall :   0 ijmp  :   0 
in    :   4 inc   :   3 jmp   :  24 ld    :  17 ldd   :   9 ldi   :  66 
lds   :   0 lpm   :   9 lsl   :   0 lsr   :   0 mov   :   9 movw  :   4 
mul   :   0 muls  :   0 mulsu :   0 neg   :   0 nop   :   0 or    :   1 
ori   :   1 out   :  46 pop   :   0 push  :   0 rcall :  20 ret   :   9 
reti  :   0 rjmp  :  11 rol   :   0 ror   :   0 sbc   :   1 sbci  :   1 
sbi   :   7 sbic  :   0 sbis  :   1 sbiw  :   8 sbr   :   0 sbrc  :   0 
sbrs  :   0 sec   :   0 seh   :   0 sei   :   0 sen   :   0 ser   :   0 
ses   :   0 set   :   1 sev   :   0 sez   :   0 sleep :   0 spm   :   0 
st    :  26 std   :   4 sts   :   2 sub   :   1 subi  :   4 swap  :   1 
tst   :   1 wdr   :   1 
Instructions used: 47 out of 116 (40.5%)

ATmega16 memory use summary [bytes]:
Segment   Begin    End      Code   Data   Used    Size   Use%
---------------------------------------------------------------
[.cseg] 0x000000 0x00035a    820     38    858   16384   5.2%
[.dseg] 0x000060 0x000178      0     24     24    1119   2.1%
[.eseg] 0x000000 0x000000      0      0      0     512   0.0%

Assembly complete, 0 errors, 6 warnings
